com.baomidou.mybatisplus.core.MybatisConfiguration
mybatis-plus.configuration.log-impl: org.apache.ibatis.logging.stdout.StdOutImpl

"C:\Program Files\Java\jdk1.8.0_221\bin\java.exe" -agentlib:jdwp=transport=dt_socket,address=127.0.0.1:57797,suspend=y,server=n -XX:TieredStopAtLevel=1 -noverify -Dspring.output.ansi.enabled=always -Dcom.sun.management.jmxremote -Dspring.jmx.enabled=true -Dspring.liveBeansView.mbeanDomain -Dspring.application.admin.enabled=true -javaagent:C:\Users\16116\AppData\Local\Temp\captureAgent7jars\debugger-agent.jar -Dfile.encoding=UTF-8 -classpath "C:\Program Files\Java\jdk1.8.0_221\jre\lib\charsets.jar;C:\Program Files\Java\jdk1.8.0_221\jre\lib\deploy.jar;C:\Program Files\Java\jdk1.8.0_221\jre\lib\ext\access-bridge-64.jar;C:\Program Files\Java\jdk1.8.0_221\jre\lib\ext\cldrdata.jar;C:\Program Files\Java\jdk1.8.0_221\jre\lib\ext\dnsns.jar;C:\Program Files\Java\jdk1.8.0_221\jre\lib\ext\jaccess.jar;C:\Program Files\Java\jdk1.8.0_221\jre\lib\ext\jfxrt.jar;C:\Program Files\Java\jdk1.8.0_221\jre\lib\ext\localedata.jar;C:\Program Files\Java\jdk1.8.0_221\jre\lib\ext\nashorn.jar;C:\Program Files\Java\jdk1.8.0_221\jre\lib\ext\sunec.jar;C:\Program Files\Java\jdk1.8.0_221\jre\lib\ext\sunjce_provider.jar;C:\Program Files\Java\jdk1.8.0_221\jre\lib\ext\sunmscapi.jar;C:\Program Files\Java\jdk1.8.0_221\jre\lib\ext\sunpkcs11.jar;C:\Program Files\Java\jdk1.8.0_221\jre\lib\ext\zipfs.jar;C:\Program Files\Java\jdk1.8.0_221\jre\lib\javaws.jar;C:\Program Files\Java\jdk1.8.0_221\jre\lib\jce.jar;C:\Program Files\Java\jdk1.8.0_221\jre\lib\jfr.jar;C:\Program Files\Java\jdk1.8.0_221\jre\lib\jfxswt.jar;C:\Program Files\Java\jdk1.8.0_221\jre\lib\jsse.jar;C:\Program Files\Java\jdk1.8.0_221\jre\lib\management-agent.jar;C:\Program Files\Java\jdk1.8.0_221\jre\lib\plugin.jar;C:\Program Files\Java\jdk1.8.0_221\jre\lib\resources.jar;C:\Program Files\Java\jdk1.8.0_221\jre\lib\rt.jar;F:\heima\mybatisplus-heima\code\mp-demo\target\classes;D:\Maven\mvnRepository\org\springframework\boot\spring-boot-starter\2.7.12\spring-boot-starter-2.7.12.jar;D:\Maven\mvnRepository\org\springframework\boot\spring-boot\2.7.12\spring-boot-2.7.12.jar;D:\Maven\mvnRepository\org\springframework\spring-context\5.3.27\spring-context-5.3.27.jar;D:\Maven\mvnRepository\org\springframework\boot\spring-boot-autoconfigure\2.7.12\spring-boot-autoconfigure-2.7.12.jar;D:\Maven\mvnRepository\org\springframework\boot\spring-boot-starter-logging\2.7.12\spring-boot-starter-logging-2.7.12.jar;D:\Maven\mvnRepository\ch\qos\logback\logback-classic\1.2.12\logback-classic-1.2.12.jar;D:\Maven\mvnRepository\ch\qos\logback\logback-core\1.2.12\logback-core-1.2.12.jar;D:\Maven\mvnRepository\org\apache\logging\log4j\log4j-to-slf4j\2.17.2\log4j-to-slf4j-2.17.2.jar;D:\Maven\mvnRepository\org\apache\logging\log4j\log4j-api\2.17.2\log4j-api-2.17.2.jar;D:\Maven\mvnRepository\org\slf4j\jul-to-slf4j\1.7.36\jul-to-slf4j-1.7.36.jar;D:\Maven\mvnRepository\jakarta\annotation\jakarta.annotation-api\1.3.5\jakarta.annotation-api-1.3.5.jar;D:\Maven\mvnRepository\org\springframework\spring-core\5.3.27\spring-core-5.3.27.jar;D:\Maven\mvnRepository\org\springframework\spring-jcl\5.3.27\spring-jcl-5.3.27.jar;D:\Maven\mvnRepository\org\yaml\snakeyaml\1.30\snakeyaml-1.30.jar;D:\Maven\mvnRepository\com\mysql\mysql-connector-j\8.0.33\mysql-connector-j-8.0.33.jar;D:\Maven\mvnRepository\org\projectlombok\lombok\1.18.26\lombok-1.18.26.jar;D:\Maven\mvnRepository\org\slf4j\slf4j-api\1.7.36\slf4j-api-1.7.36.jar;D:\Maven\mvnRepository\net\bytebuddy\byte-buddy\1.12.23\byte-buddy-1.12.23.jar;D:\Maven\mvnRepository\com\baomidou\mybatis-plus-boot-starter\3.5.3.1\mybatis-plus-boot-starter-3.5.3.1.jar;D:\Maven\mvnRepository\com\baomidou\mybatis-plus\3.5.3.1\mybatis-plus-3.5.3.1.jar;D:\Maven\mvnRepository\com\baomidou\mybatis-plus-extension\3.5.3.1\mybatis-plus-extension-3.5.3.1.jar;D:\Maven\mvnRepository\com\baomidou\mybatis-plus-core\3.5.3.1\mybatis-plus-core-3.5.3.1.jar;D:\Maven\mvnRepository\com\baomidou\mybatis-plus-annotation\3.5.3.1\mybatis-plus-annotation-3.5.3.1.jar;D:\Maven\mvnRepository\com\github\jsqlparser\jsqlparser\4.4\jsqlparser-4.4.jar;D:\Maven\mvnRepository\org\mybatis\mybatis\3.5.10\mybatis-3.5.10.jar;D:\Maven\mvnRepository\org\mybatis\mybatis-spring\2.0.7\mybatis-spring-2.0.7.jar;D:\Maven\mvnRepository\org\springframework\boot\spring-boot-starter-jdbc\2.7.12\spring-boot-starter-jdbc-2.7.12.jar;D:\Maven\mvnRepository\com\zaxxer\HikariCP\4.0.3\HikariCP-4.0.3.jar;D:\Maven\mvnRepository\org\springframework\spring-jdbc\5.3.27\spring-jdbc-5.3.27.jar;D:\Maven\mvnRepository\org\springframework\spring-tx\5.3.27\spring-tx-5.3.27.jar;D:\Maven\mvnRepository\cn\hutool\hutool-all\5.8.11\hutool-all-5.8.11.jar;D:\Maven\mvnRepository\org\springframework\boot\spring-boot-starter-json\2.7.12\spring-boot-starter-json-2.7.12.jar;D:\Maven\mvnRepository\org\springframework\spring-web\5.3.27\spring-web-5.3.27.jar;D:\Maven\mvnRepository\org\springframework\spring-beans\5.3.27\spring-beans-5.3.27.jar;D:\Maven\mvnRepository\com\fasterxml\jackson\core\jackson-databind\2.13.5\jackson-databind-2.13.5.jar;D:\Maven\mvnRepository\com\fasterxml\jackson\core\jackson-annotations\2.13.5\jackson-annotations-2.13.5.jar;D:\Maven\mvnRepository\com\fasterxml\jackson\core\jackson-core\2.13.5\jackson-core-2.13.5.jar;D:\Maven\mvnRepository\com\fasterxml\jackson\datatype\jackson-datatype-jdk8\2.13.5\jackson-datatype-jdk8-2.13.5.jar;D:\Maven\mvnRepository\com\fasterxml\jackson\datatype\jackson-datatype-jsr310\2.13.5\jackson-datatype-jsr310-2.13.5.jar;D:\Maven\mvnRepository\com\fasterxml\jackson\module\jackson-module-parameter-names\2.13.5\jackson-module-parameter-names-2.13.5.jar;D:\Maven\mvnRepository\com\github\xiaoymin\knife4j-openapi2-spring-boot-starter\4.1.0\knife4j-openapi2-spring-boot-starter-4.1.0.jar;D:\Maven\mvnRepository\com\github\xiaoymin\knife4j-core\4.1.0\knife4j-core-4.1.0.jar;D:\Maven\mvnRepository\com\github\xiaoymin\knife4j-openapi2-ui\4.1.0\knife4j-openapi2-ui-4.1.0.jar;D:\Maven\mvnRepository\org\javassist\javassist\3.25.0-GA\javassist-3.25.0-GA.jar;D:\Maven\mvnRepository\io\springfox\springfox-swagger2\2.10.5\springfox-swagger2-2.10.5.jar;D:\Maven\mvnRepository\io\springfox\springfox-spi\2.10.5\springfox-spi-2.10.5.jar;D:\Maven\mvnRepository\io\springfox\springfox-core\2.10.5\springfox-core-2.10.5.jar;D:\Maven\mvnRepository\io\springfox\springfox-schema\2.10.5\springfox-schema-2.10.5.jar;D:\Maven\mvnRepository\io\springfox\springfox-swagger-common\2.10.5\springfox-swagger-common-2.10.5.jar;D:\Maven\mvnRepository\io\springfox\springfox-spring-web\2.10.5\springfox-spring-web-2.10.5.jar;D:\Maven\mvnRepository\io\github\classgraph\classgraph\4.1.7\classgraph-4.1.7.jar;D:\Maven\mvnRepository\com\fasterxml\classmate\1.5.1\classmate-1.5.1.jar;D:\Maven\mvnRepository\org\springframework\plugin\spring-plugin-core\2.0.0.RELEASE\spring-plugin-core-2.0.0.RELEASE.jar;D:\Maven\mvnRepository\org\springframework\plugin\spring-plugin-metadata\2.0.0.RELEASE\spring-plugin-metadata-2.0.0.RELEASE.jar;D:\Maven\mvnRepository\org\mapstruct\mapstruct\1.3.1.Final\mapstruct-1.3.1.Final.jar;D:\Maven\mvnRepository\io\swagger\swagger-models\1.6.6\swagger-models-1.6.6.jar;D:\Maven\mvnRepository\io\swagger\swagger-annotations\1.6.6\swagger-annotations-1.6.6.jar;D:\Maven\mvnRepository\io\springfox\springfox-bean-validators\2.10.5\springfox-bean-validators-2.10.5.jar;D:\Maven\mvnRepository\io\springfox\springfox-spring-webmvc\2.10.5\springfox-spring-webmvc-2.10.5.jar;D:\Maven\mvnRepository\org\springframework\boot\spring-boot-starter-web\2.7.12\spring-boot-starter-web-2.7.12.jar;D:\Maven\mvnRepository\org\springframework\boot\spring-boot-starter-tomcat\2.7.12\spring-boot-starter-tomcat-2.7.12.jar;D:\Maven\mvnRepository\org\apache\tomcat\embed\tomcat-embed-core\9.0.75\tomcat-embed-core-9.0.75.jar;D:\Maven\mvnRepository\org\apache\tomcat\embed\tomcat-embed-el\9.0.75\tomcat-embed-el-9.0.75.jar;D:\Maven\mvnRepository\org\apache\tomcat\embed\tomcat-embed-websocket\9.0.75\tomcat-embed-websocket-9.0.75.jar;D:\Maven\mvnRepository\org\springframework\spring-webmvc\5.3.27\spring-webmvc-5.3.27.jar;D:\Maven\mvnRepository\org\springframework\spring-aop\5.3.27\spring-aop-5.3.27.jar;D:\Maven\mvnRepository\org\springframework\spring-expression\5.3.27\spring-expression-5.3.27.jar;D:\Program Files\JetBrains\IntelliJ IDEA 2019.3.3\lib\idea_rt.jar" com.itheima.mp.MpDemoApplication
Connected to the target VM, address: '127.0.0.1:57797', transport: 'socket'

  .   ____          _            __ _ _
 /\\ / ___'_ __ _ _(_)_ __  __ _ \ \ \ \
( ( )\___ | '_ | '_| | '_ \/ _` | \ \ \ \
 \\/  ___)| |_)| | | | | || (_| |  ) ) ) )
  '  |____| .__|_| |_|_| |_\__, | / / / /
 =========|_|==============|___/=/_/_/_/
 :: Spring Boot ::               (v2.7.12)

2023-12-10 19:52:20.119  INFO 6112 --- [           main] com.itheima.mp.MpDemoApplication         : Starting MpDemoApplication using Java 1.8.0_221 on LAPTOP-KLJTPSJK with PID 6112 (F:\heima\mybatisplus-heima\code\mp-demo\target\classes started by 16116 in F:\heima\mybatisplus-heima\code\mp-demo)
2023-12-10 19:52:20.122  INFO 6112 --- [           main] com.itheima.mp.MpDemoApplication         : No active profile set, falling back to 1 default profile: "default"
2023-12-10 19:52:21.107  INFO 6112 --- [           main] o.s.b.w.embedded.tomcat.TomcatWebServer  : Tomcat initialized with port(s): 8080 (http)
2023-12-10 19:52:21.113  INFO 6112 --- [           main] o.apache.catalina.core.StandardService   : Starting service [Tomcat]
2023-12-10 19:52:21.113  INFO 6112 --- [           main] org.apache.catalina.core.StandardEngine  : Starting Servlet engine: [Apache Tomcat/9.0.75]
2023-12-10 19:52:21.215  INFO 6112 --- [           main] o.a.c.c.C.[Tomcat].[localhost].[/]       : Initializing Spring embedded WebApplicationContext
2023-12-10 19:52:21.215  INFO 6112 --- [           main] w.s.c.ServletWebServerApplicationContext : Root WebApplicationContext: initialization completed in 1051 ms
Logging initialized using 'class org.apache.ibatis.logging.stdout.StdOutImpl' adapter.
Registered plugin: 'com.baomidou.mybatisplus.extension.plugins.MybatisPlusInterceptor@270d43a7'
Parsed mapper file: 'file [F:\heima\mybatisplus-heima\code\mp-demo\target\classes\mapper\AddressMapper.xml]'
Parsed mapper file: 'file [F:\heima\mybatisplus-heima\code\mp-demo\target\classes\mapper\UserMapper.xml]'
 _ _   |_  _ _|_. ___ _ |    _
| | |\/|_)(_| | |_\  |_)||_|_\
     /               |
                        3.5.3.1
2023-12-10 19:52:22.456  INFO 6112 --- [           main] pertySourcedRequestMappingHandlerMapping : Mapped URL path [/v2/api-docs] onto method [springfox.documentation.swagger2.web.Swagger2ControllerWebMvc#getDocumentation(String, HttpServletRequest)]
2023-12-10 19:52:22.516  INFO 6112 --- [           main] o.s.b.w.embedded.tomcat.TomcatWebServer  : Tomcat started on port(s): 8080 (http) with context path ''
2023-12-10 19:52:22.517  INFO 6112 --- [           main] d.s.w.p.DocumentationPluginsBootstrapper : Documentation plugins bootstrapped
2023-12-10 19:52:22.519  INFO 6112 --- [           main] d.s.w.p.DocumentationPluginsBootstrapper : Found 1 custom documentation plugin(s)
2023-12-10 19:52:22.543  INFO 6112 --- [           main] s.d.s.w.s.ApiListingReferenceScanner     : Scanning for api listing references
2023-12-10 19:52:22.652  INFO 6112 --- [           main] com.itheima.mp.MpDemoApplication         : Started MpDemoApplication in 2.935 seconds (JVM running for 3.795)
2023-12-10 19:52:29.979  INFO 6112 --- [nio-8080-exec-1] o.a.c.c.C.[Tomcat].[localhost].[/]       : Initializing Spring DispatcherServlet 'dispatcherServlet'
2023-12-10 19:52:29.979  INFO 6112 --- [nio-8080-exec-1] o.s.web.servlet.DispatcherServlet        : Initializing Servlet 'dispatcherServlet'
2023-12-10 19:52:29.983  INFO 6112 --- [nio-8080-exec-1] o.s.web.servlet.DispatcherServlet        : Completed initialization in 4 ms
Creating a new SqlSession
SqlSession [org.apache.ibatis.session.defaults.DefaultSqlSession@1dfb4f2] was not registered for synchronization because synchronization is not active
2023-12-10 19:52:30.083  INFO 6112 --- [nio-8080-exec-1] com.zaxxer.hikari.HikariDataSource       : HikariPool-1 - Starting...
2023-12-10 19:52:30.189  INFO 6112 --- [nio-8080-exec-1] com.zaxxer.hikari.HikariDataSource       : HikariPool-1 - Start completed.
JDBC Connection [HikariProxyConnection@1929753513 wrapping com.mysql.cj.jdbc.ConnectionImpl@2b72aab6] will not be managed by Spring
==>  Preparing: SELECT COUNT(*) AS total FROM user
==> Parameters:
<==    Columns: total
<==        Row: 4
<==      Total: 1
==>  Preparing: SELECT id, `username`, password, phone, info, status, balance, create_time, update_time FROM user ORDER BY create_time DESC LIMIT ?,?
==> Parameters: 2(Long), 2(Long)
<==    Columns: id, username, password, phone, info, status, balance, create_time, update_time
<==        Row: 2, Rose, 123, 13900112223, <<BLOB>>, 1, 600, 2023-05-19 21:00:23, 2023-06-19 21:00:23
<==        Row: 1, Jack, 123, 13900112224, <<BLOB>>, 1, 1600, 2023-05-19 20:50:21, 2023-06-19 20:50:21
<==      Total: 2
Closing non transactional SqlSession [org.apache.ibatis.session.defaults.DefaultSqlSession@1dfb4f2]
